{"/Users/challe_p/dbwebb-kurser/jsramverk/app.js": {"path":"/Users/challe_p/dbwebb-kurser/jsramverk/app.js","statementMap":{"0":{"start":{"line":1,"column":0},"end":{"line":1,"column":25}},"1":{"start":{"line":3,"column":13},"end":{"line":3,"column":37}},"2":{"start":{"line":6,"column":16},"end":{"line":6,"column":34}},"3":{"start":{"line":7,"column":13},"end":{"line":7,"column":28}},"4":{"start":{"line":8,"column":15},"end":{"line":8,"column":32}},"5":{"start":{"line":9,"column":13},"end":{"line":9,"column":28}},"6":{"start":{"line":12,"column":14},"end":{"line":12,"column":42}},"7":{"start":{"line":13,"column":11},"end":{"line":13,"column":36}},"8":{"start":{"line":14,"column":15},"end":{"line":14,"column":44}},"9":{"start":{"line":15,"column":15},"end":{"line":15,"column":44}},"10":{"start":{"line":18,"column":12},"end":{"line":18,"column":21}},"11":{"start":{"line":20,"column":0},"end":{"line":20,"column":28}},"12":{"start":{"line":22,"column":0},"end":{"line":22,"column":30}},"13":{"start":{"line":24,"column":0},"end":{"line":24,"column":60}},"14":{"start":{"line":26,"column":0},"end":{"line":26,"column":16}},"15":{"start":{"line":29,"column":0},"end":{"line":32,"column":1}},"16":{"start":{"line":31,"column":4},"end":{"line":31,"column":32}},"17":{"start":{"line":34,"column":0},"end":{"line":34,"column":24}},"18":{"start":{"line":35,"column":0},"end":{"line":35,"column":48}},"19":{"start":{"line":38,"column":0},"end":{"line":38,"column":28}},"20":{"start":{"line":39,"column":0},"end":{"line":39,"column":20}},"21":{"start":{"line":40,"column":0},"end":{"line":40,"column":20}},"22":{"start":{"line":41,"column":0},"end":{"line":41,"column":28}},"23":{"start":{"line":45,"column":0},"end":{"line":49,"column":3}},"24":{"start":{"line":46,"column":14},"end":{"line":46,"column":36}},"25":{"start":{"line":47,"column":4},"end":{"line":47,"column":21}},"26":{"start":{"line":48,"column":4},"end":{"line":48,"column":14}},"27":{"start":{"line":51,"column":0},"end":{"line":65,"column":3}},"28":{"start":{"line":52,"column":4},"end":{"line":54,"column":5}},"29":{"start":{"line":53,"column":8},"end":{"line":53,"column":25}},"30":{"start":{"line":56,"column":4},"end":{"line":64,"column":7}},"31":{"start":{"line":67,"column":15},"end":{"line":70,"column":2}},"32":{"start":{"line":68,"column":2},"end":{"line":68,"column":54}},"33":{"start":{"line":69,"column":2},"end":{"line":69,"column":20}},"34":{"start":{"line":72,"column":0},"end":{"line":72,"column":24}}},"fnMap":{"0":{"name":"(anonymous_0)","decl":{"start":{"line":45,"column":8},"end":{"line":45,"column":9}},"loc":{"start":{"line":45,"column":28},"end":{"line":49,"column":1}},"line":45},"1":{"name":"(anonymous_1)","decl":{"start":{"line":51,"column":8},"end":{"line":51,"column":9}},"loc":{"start":{"line":51,"column":33},"end":{"line":65,"column":1}},"line":51},"2":{"name":"(anonymous_2)","decl":{"start":{"line":67,"column":32},"end":{"line":67,"column":33}},"loc":{"start":{"line":67,"column":38},"end":{"line":70,"column":1}},"line":67}},"branchMap":{"0":{"loc":{"start":{"line":3,"column":13},"end":{"line":3,"column":37}},"type":"binary-expr","locations":[{"start":{"line":3,"column":13},"end":{"line":3,"column":29}},{"start":{"line":3,"column":33},"end":{"line":3,"column":37}}],"line":3},"1":{"loc":{"start":{"line":29,"column":0},"end":{"line":32,"column":1}},"type":"if","locations":[{"start":{"line":29,"column":0},"end":{"line":32,"column":1}},{"start":{},"end":{}}],"line":29},"2":{"loc":{"start":{"line":52,"column":4},"end":{"line":54,"column":5}},"type":"if","locations":[{"start":{"line":52,"column":4},"end":{"line":54,"column":5}},{"start":{},"end":{}}],"line":52},"3":{"loc":{"start":{"line":56,"column":15},"end":{"line":56,"column":32}},"type":"binary-expr","locations":[{"start":{"line":56,"column":15},"end":{"line":56,"column":25}},{"start":{"line":56,"column":29},"end":{"line":56,"column":32}}],"line":56}},"s":{"0":1,"1":1,"2":1,"3":1,"4":1,"5":1,"6":1,"7":1,"8":1,"9":1,"10":1,"11":1,"12":1,"13":1,"14":1,"15":1,"16":0,"17":1,"18":1,"19":1,"20":1,"21":1,"22":1,"23":1,"24":0,"25":0,"26":0,"27":1,"28":0,"29":0,"30":0,"31":1,"32":1,"33":1,"34":1},"f":{"0":0,"1":0,"2":1},"b":{"0":[1,0],"1":[0,1],"2":[0,0],"3":[0,0]},"_coverageSchema":"1a1c01bbd47fc00a2c39e90264f33305004495a9","hash":"3ff25f600344017780ffac791c97dc3493d2bb92"}
,"/Users/challe_p/dbwebb-kurser/jsramverk/docs.js": {"path":"/Users/challe_p/dbwebb-kurser/jsramverk/docs.js","statementMap":{"0":{"start":{"line":1,"column":17},"end":{"line":1,"column":44}},"1":{"start":{"line":2,"column":21},"end":{"line":2,"column":39}},"2":{"start":{"line":4,"column":13},"end":{"line":97,"column":1}},"3":{"start":{"line":6,"column":17},"end":{"line":6,"column":39}},"4":{"start":{"line":8,"column":8},"end":{"line":17,"column":9}},"5":{"start":{"line":9,"column":22},"end":{"line":9,"column":60}},"6":{"start":{"line":10,"column":12},"end":{"line":10,"column":23}},"7":{"start":{"line":12,"column":12},"end":{"line":12,"column":29}},"8":{"start":{"line":14,"column":12},"end":{"line":14,"column":22}},"9":{"start":{"line":16,"column":12},"end":{"line":16,"column":36}},"10":{"start":{"line":22,"column":17},"end":{"line":22,"column":39}},"11":{"start":{"line":23,"column":8},"end":{"line":37,"column":9}},"12":{"start":{"line":25,"column":24},"end":{"line":25,"column":56}},"13":{"start":{"line":26,"column":12},"end":{"line":36,"column":13}},"14":{"start":{"line":27,"column":16},"end":{"line":29,"column":28}},"15":{"start":{"line":31,"column":16},"end":{"line":31,"column":33}},"16":{"start":{"line":33,"column":16},"end":{"line":33,"column":26}},"17":{"start":{"line":35,"column":16},"end":{"line":35,"column":40}},"18":{"start":{"line":38,"column":8},"end":{"line":38,"column":18}},"19":{"start":{"line":42,"column":17},"end":{"line":42,"column":39}},"20":{"start":{"line":44,"column":8},"end":{"line":55,"column":9}},"21":{"start":{"line":45,"column":24},"end":{"line":48,"column":13}},"22":{"start":{"line":50,"column":12},"end":{"line":50,"column":54}},"23":{"start":{"line":52,"column":12},"end":{"line":52,"column":29}},"24":{"start":{"line":54,"column":12},"end":{"line":54,"column":36}},"25":{"start":{"line":59,"column":17},"end":{"line":59,"column":39}},"26":{"start":{"line":61,"column":8},"end":{"line":81,"column":9}},"27":{"start":{"line":62,"column":24},"end":{"line":62,"column":61}},"28":{"start":{"line":63,"column":35},"end":{"line":66,"column":13}},"29":{"start":{"line":68,"column":12},"end":{"line":70,"column":13}},"30":{"start":{"line":69,"column":16},"end":{"line":69,"column":58}},"31":{"start":{"line":71,"column":12},"end":{"line":73,"column":13}},"32":{"start":{"line":72,"column":16},"end":{"line":72,"column":62}},"33":{"start":{"line":75,"column":12},"end":{"line":75,"column":73}},"34":{"start":{"line":78,"column":12},"end":{"line":78,"column":28}},"35":{"start":{"line":80,"column":12},"end":{"line":80,"column":36}},"36":{"start":{"line":85,"column":17},"end":{"line":85,"column":39}},"37":{"start":{"line":87,"column":8},"end":{"line":95,"column":9}},"38":{"start":{"line":88,"column":24},"end":{"line":88,"column":61}},"39":{"start":{"line":89,"column":12},"end":{"line":89,"column":57}},"40":{"start":{"line":92,"column":12},"end":{"line":92,"column":28}},"41":{"start":{"line":94,"column":12},"end":{"line":94,"column":36}},"42":{"start":{"line":99,"column":0},"end":{"line":99,"column":22}}},"fnMap":{"0":{"name":"getAll","decl":{"start":{"line":5,"column":27},"end":{"line":5,"column":33}},"loc":{"start":{"line":5,"column":36},"end":{"line":18,"column":5}},"line":5},"1":{"name":"getOne","decl":{"start":{"line":21,"column":27},"end":{"line":21,"column":33}},"loc":{"start":{"line":21,"column":38},"end":{"line":39,"column":5}},"line":21},"2":{"name":"addOne","decl":{"start":{"line":41,"column":27},"end":{"line":41,"column":33}},"loc":{"start":{"line":41,"column":40},"end":{"line":56,"column":5}},"line":41},"3":{"name":"update","decl":{"start":{"line":58,"column":27},"end":{"line":58,"column":33}},"loc":{"start":{"line":58,"column":40},"end":{"line":82,"column":5}},"line":58},"4":{"name":"remove","decl":{"start":{"line":84,"column":27},"end":{"line":84,"column":33}},"loc":{"start":{"line":84,"column":40},"end":{"line":96,"column":5}},"line":84}},"branchMap":{"0":{"loc":{"start":{"line":23,"column":8},"end":{"line":37,"column":9}},"type":"if","locations":[{"start":{"line":23,"column":8},"end":{"line":37,"column":9}},{"start":{},"end":{}}],"line":23},"1":{"loc":{"start":{"line":68,"column":12},"end":{"line":70,"column":13}},"type":"if","locations":[{"start":{"line":68,"column":12},"end":{"line":70,"column":13}},{"start":{},"end":{}}],"line":68},"2":{"loc":{"start":{"line":71,"column":12},"end":{"line":73,"column":13}},"type":"if","locations":[{"start":{"line":71,"column":12},"end":{"line":73,"column":13}},{"start":{},"end":{}}],"line":71}},"s":{"0":1,"1":1,"2":1,"3":1,"4":1,"5":1,"6":1,"7":0,"8":0,"9":1,"10":0,"11":0,"12":0,"13":0,"14":0,"15":0,"16":0,"17":0,"18":0,"19":1,"20":1,"21":1,"22":1,"23":0,"24":1,"25":0,"26":0,"27":0,"28":0,"29":0,"30":0,"31":0,"32":0,"33":0,"34":0,"35":0,"36":1,"37":1,"38":1,"39":1,"40":0,"41":1,"42":1},"f":{"0":1,"1":0,"2":1,"3":0,"4":1},"b":{"0":[0,0],"1":[0,0],"2":[0,0]},"_coverageSchema":"1a1c01bbd47fc00a2c39e90264f33305004495a9","hash":"219445784a35ccd1e34b31650f1f3a624cf5aa6f"}
,"/Users/challe_p/dbwebb-kurser/jsramverk/db/database.js": {"path":"/Users/challe_p/dbwebb-kurser/jsramverk/db/database.js","statementMap":{"0":{"start":{"line":1,"column":0},"end":{"line":1,"column":27}},"1":{"start":{"line":2,"column":14},"end":{"line":2,"column":44}},"2":{"start":{"line":3,"column":23},"end":{"line":3,"column":34}},"3":{"start":{"line":5,"column":17},"end":{"line":23,"column":1}},"4":{"start":{"line":7,"column":18},"end":{"line":7,"column":168}},"5":{"start":{"line":14,"column":24},"end":{"line":14,"column":48}},"6":{"start":{"line":15,"column":19},"end":{"line":15,"column":36}},"7":{"start":{"line":16,"column":27},"end":{"line":16,"column":62}},"8":{"start":{"line":18,"column":8},"end":{"line":21,"column":10}},"9":{"start":{"line":25,"column":0},"end":{"line":25,"column":26}}},"fnMap":{"0":{"name":"getDb","decl":{"start":{"line":6,"column":26},"end":{"line":6,"column":31}},"loc":{"start":{"line":6,"column":35},"end":{"line":22,"column":5}},"line":6}},"branchMap":{},"s":{"0":1,"1":1,"2":1,"3":1,"4":3,"5":3,"6":3,"7":3,"8":3,"9":1},"f":{"0":3},"b":{},"_coverageSchema":"1a1c01bbd47fc00a2c39e90264f33305004495a9","hash":"63a8f9b10458b5d7da26bf11845ca137786aeb2d"}
,"/Users/challe_p/dbwebb-kurser/jsramverk/routes/delete.js": {"path":"/Users/challe_p/dbwebb-kurser/jsramverk/routes/delete.js","statementMap":{"0":{"start":{"line":1,"column":18},"end":{"line":1,"column":39}},"1":{"start":{"line":2,"column":16},"end":{"line":2,"column":34}},"2":{"start":{"line":4,"column":13},"end":{"line":4,"column":29}},"3":{"start":{"line":6,"column":0},"end":{"line":10,"column":3}},"4":{"start":{"line":7,"column":19},"end":{"line":7,"column":51}},"5":{"start":{"line":8,"column":4},"end":{"line":8,"column":20}},"6":{"start":{"line":9,"column":4},"end":{"line":9,"column":21}},"7":{"start":{"line":12,"column":0},"end":{"line":12,"column":24}}},"fnMap":{"0":{"name":"(anonymous_0)","decl":{"start":{"line":6,"column":23},"end":{"line":6,"column":24}},"loc":{"start":{"line":6,"column":43},"end":{"line":10,"column":1}},"line":6}},"branchMap":{},"s":{"0":1,"1":1,"2":1,"3":1,"4":1,"5":1,"6":1,"7":1},"f":{"0":1},"b":{},"_coverageSchema":"1a1c01bbd47fc00a2c39e90264f33305004495a9","hash":"26fa1222047cdea009cf52749bdef857e024bf04"}
,"/Users/challe_p/dbwebb-kurser/jsramverk/routes/id.js": {"path":"/Users/challe_p/dbwebb-kurser/jsramverk/routes/id.js","statementMap":{"0":{"start":{"line":1,"column":18},"end":{"line":1,"column":39}},"1":{"start":{"line":2,"column":16},"end":{"line":2,"column":34}},"2":{"start":{"line":4,"column":13},"end":{"line":4,"column":29}},"3":{"start":{"line":6,"column":0},"end":{"line":8,"column":3}},"4":{"start":{"line":7,"column":4},"end":{"line":7,"column":60}},"5":{"start":{"line":10,"column":0},"end":{"line":10,"column":24}}},"fnMap":{"0":{"name":"(anonymous_0)","decl":{"start":{"line":6,"column":19},"end":{"line":6,"column":20}},"loc":{"start":{"line":6,"column":39},"end":{"line":8,"column":1}},"line":6}},"branchMap":{},"s":{"0":1,"1":1,"2":1,"3":1,"4":0,"5":1},"f":{"0":0},"b":{},"_coverageSchema":"1a1c01bbd47fc00a2c39e90264f33305004495a9","hash":"5a4beff6af9dea19dddea241cf60791b5bd16261"}
,"/Users/challe_p/dbwebb-kurser/jsramverk/routes/index.js": {"path":"/Users/challe_p/dbwebb-kurser/jsramverk/routes/index.js","statementMap":{"0":{"start":{"line":1,"column":18},"end":{"line":1,"column":39}},"1":{"start":{"line":2,"column":16},"end":{"line":2,"column":34}},"2":{"start":{"line":4,"column":13},"end":{"line":4,"column":29}},"3":{"start":{"line":6,"column":0},"end":{"line":8,"column":3}},"4":{"start":{"line":7,"column":4},"end":{"line":7,"column":55}},"5":{"start":{"line":10,"column":0},"end":{"line":14,"column":3}},"6":{"start":{"line":11,"column":19},"end":{"line":11,"column":51}},"7":{"start":{"line":12,"column":4},"end":{"line":12,"column":20}},"8":{"start":{"line":13,"column":4},"end":{"line":13,"column":32}},"9":{"start":{"line":16,"column":0},"end":{"line":16,"column":24}}},"fnMap":{"0":{"name":"(anonymous_0)","decl":{"start":{"line":6,"column":16},"end":{"line":6,"column":17}},"loc":{"start":{"line":6,"column":36},"end":{"line":8,"column":1}},"line":6},"1":{"name":"(anonymous_1)","decl":{"start":{"line":10,"column":17},"end":{"line":10,"column":18}},"loc":{"start":{"line":10,"column":37},"end":{"line":14,"column":1}},"line":10}},"branchMap":{},"s":{"0":1,"1":1,"2":1,"3":1,"4":1,"5":1,"6":1,"7":1,"8":1,"9":1},"f":{"0":1,"1":1},"b":{},"_coverageSchema":"1a1c01bbd47fc00a2c39e90264f33305004495a9","hash":"53d5b9d7e7ac09db07723dd1443e421a9808079e"}
,"/Users/challe_p/dbwebb-kurser/jsramverk/routes/update.js": {"path":"/Users/challe_p/dbwebb-kurser/jsramverk/routes/update.js","statementMap":{"0":{"start":{"line":1,"column":18},"end":{"line":1,"column":39}},"1":{"start":{"line":2,"column":16},"end":{"line":2,"column":34}},"2":{"start":{"line":4,"column":13},"end":{"line":4,"column":29}},"3":{"start":{"line":6,"column":0},"end":{"line":10,"column":3}},"4":{"start":{"line":7,"column":19},"end":{"line":7,"column":51}},"5":{"start":{"line":9,"column":4},"end":{"line":9,"column":21}},"6":{"start":{"line":12,"column":0},"end":{"line":12,"column":24}}},"fnMap":{"0":{"name":"(anonymous_0)","decl":{"start":{"line":6,"column":23},"end":{"line":6,"column":24}},"loc":{"start":{"line":6,"column":43},"end":{"line":10,"column":1}},"line":6}},"branchMap":{},"s":{"0":1,"1":1,"2":1,"3":1,"4":0,"5":0,"6":1},"f":{"0":0},"b":{},"_coverageSchema":"1a1c01bbd47fc00a2c39e90264f33305004495a9","hash":"c7dee6ee62d418bcf5d010df0bef7c0a038cd4aa"}
}
