{"/Users/narwhal/dbwebb-kurser/jsramverk/ssr-editor-0.1/app.js": {"path":"/Users/narwhal/dbwebb-kurser/jsramverk/ssr-editor-0.1/app.js","statementMap":{"0":{"start":{"line":1,"column":0},"end":{"line":1,"column":25}},"1":{"start":{"line":4,"column":0},"end":{"line":8,"column":1}},"2":{"start":{"line":5,"column":4},"end":{"line":5,"column":16}},"3":{"start":{"line":7,"column":4},"end":{"line":7,"column":36}},"4":{"start":{"line":10,"column":0},"end":{"line":10,"column":39}},"5":{"start":{"line":14,"column":16},"end":{"line":14,"column":34}},"6":{"start":{"line":15,"column":13},"end":{"line":15,"column":28}},"7":{"start":{"line":16,"column":15},"end":{"line":16,"column":32}},"8":{"start":{"line":17,"column":13},"end":{"line":17,"column":28}},"9":{"start":{"line":20,"column":14},"end":{"line":20,"column":42}},"10":{"start":{"line":21,"column":11},"end":{"line":21,"column":36}},"11":{"start":{"line":22,"column":15},"end":{"line":22,"column":44}},"12":{"start":{"line":23,"column":15},"end":{"line":23,"column":44}},"13":{"start":{"line":26,"column":12},"end":{"line":26,"column":21}},"14":{"start":{"line":28,"column":0},"end":{"line":28,"column":28}},"15":{"start":{"line":30,"column":0},"end":{"line":30,"column":30}},"16":{"start":{"line":32,"column":0},"end":{"line":32,"column":60}},"17":{"start":{"line":34,"column":0},"end":{"line":34,"column":16}},"18":{"start":{"line":37,"column":0},"end":{"line":40,"column":1}},"19":{"start":{"line":39,"column":4},"end":{"line":39,"column":32}},"20":{"start":{"line":42,"column":0},"end":{"line":42,"column":24}},"21":{"start":{"line":43,"column":0},"end":{"line":43,"column":48}},"22":{"start":{"line":46,"column":0},"end":{"line":46,"column":28}},"23":{"start":{"line":47,"column":0},"end":{"line":47,"column":20}},"24":{"start":{"line":48,"column":0},"end":{"line":48,"column":20}},"25":{"start":{"line":49,"column":0},"end":{"line":49,"column":28}},"26":{"start":{"line":53,"column":0},"end":{"line":57,"column":3}},"27":{"start":{"line":54,"column":14},"end":{"line":54,"column":36}},"28":{"start":{"line":55,"column":4},"end":{"line":55,"column":21}},"29":{"start":{"line":56,"column":4},"end":{"line":56,"column":14}},"30":{"start":{"line":59,"column":0},"end":{"line":73,"column":3}},"31":{"start":{"line":60,"column":4},"end":{"line":62,"column":5}},"32":{"start":{"line":61,"column":8},"end":{"line":61,"column":25}},"33":{"start":{"line":64,"column":4},"end":{"line":72,"column":7}},"34":{"start":{"line":75,"column":15},"end":{"line":78,"column":2}},"35":{"start":{"line":76,"column":2},"end":{"line":76,"column":54}},"36":{"start":{"line":77,"column":2},"end":{"line":77,"column":20}},"37":{"start":{"line":80,"column":0},"end":{"line":80,"column":24}}},"fnMap":{"0":{"name":"(anonymous_0)","decl":{"start":{"line":53,"column":8},"end":{"line":53,"column":9}},"loc":{"start":{"line":53,"column":28},"end":{"line":57,"column":1}},"line":53},"1":{"name":"(anonymous_1)","decl":{"start":{"line":59,"column":8},"end":{"line":59,"column":9}},"loc":{"start":{"line":59,"column":33},"end":{"line":73,"column":1}},"line":59},"2":{"name":"(anonymous_2)","decl":{"start":{"line":75,"column":32},"end":{"line":75,"column":33}},"loc":{"start":{"line":75,"column":38},"end":{"line":78,"column":1}},"line":75}},"branchMap":{"0":{"loc":{"start":{"line":4,"column":0},"end":{"line":8,"column":1}},"type":"if","locations":[{"start":{"line":4,"column":0},"end":{"line":8,"column":1}},{"start":{"line":6,"column":7},"end":{"line":8,"column":1}}],"line":4},"1":{"loc":{"start":{"line":7,"column":11},"end":{"line":7,"column":35}},"type":"binary-expr","locations":[{"start":{"line":7,"column":11},"end":{"line":7,"column":27}},{"start":{"line":7,"column":31},"end":{"line":7,"column":35}}],"line":7},"2":{"loc":{"start":{"line":37,"column":0},"end":{"line":40,"column":1}},"type":"if","locations":[{"start":{"line":37,"column":0},"end":{"line":40,"column":1}},{"start":{},"end":{}}],"line":37},"3":{"loc":{"start":{"line":60,"column":4},"end":{"line":62,"column":5}},"type":"if","locations":[{"start":{"line":60,"column":4},"end":{"line":62,"column":5}},{"start":{},"end":{}}],"line":60},"4":{"loc":{"start":{"line":64,"column":15},"end":{"line":64,"column":32}},"type":"binary-expr","locations":[{"start":{"line":64,"column":15},"end":{"line":64,"column":25}},{"start":{"line":64,"column":29},"end":{"line":64,"column":32}}],"line":64}},"s":{"0":2,"1":2,"2":2,"3":0,"4":2,"5":2,"6":2,"7":2,"8":2,"9":2,"10":2,"11":2,"12":2,"13":2,"14":2,"15":2,"16":2,"17":2,"18":2,"19":0,"20":2,"21":2,"22":2,"23":2,"24":2,"25":2,"26":2,"27":0,"28":0,"29":0,"30":2,"31":0,"32":0,"33":0,"34":2,"35":1,"36":1,"37":2},"f":{"0":0,"1":0,"2":1},"b":{"0":[2,0],"1":[0,0],"2":[0,2],"3":[0,0],"4":[0,0]},"_coverageSchema":"1a1c01bbd47fc00a2c39e90264f33305004495a9","hash":"39ea148d839255ea9665825b67cd884e19a05b21"}
,"/Users/narwhal/dbwebb-kurser/jsramverk/ssr-editor-0.1/docs.js": {"path":"/Users/narwhal/dbwebb-kurser/jsramverk/ssr-editor-0.1/docs.js","statementMap":{"0":{"start":{"line":1,"column":17},"end":{"line":1,"column":44}},"1":{"start":{"line":2,"column":21},"end":{"line":2,"column":39}},"2":{"start":{"line":4,"column":13},"end":{"line":97,"column":1}},"3":{"start":{"line":6,"column":17},"end":{"line":6,"column":39}},"4":{"start":{"line":8,"column":8},"end":{"line":17,"column":9}},"5":{"start":{"line":9,"column":22},"end":{"line":9,"column":60}},"6":{"start":{"line":10,"column":12},"end":{"line":10,"column":23}},"7":{"start":{"line":12,"column":12},"end":{"line":12,"column":29}},"8":{"start":{"line":14,"column":12},"end":{"line":14,"column":22}},"9":{"start":{"line":16,"column":12},"end":{"line":16,"column":36}},"10":{"start":{"line":22,"column":17},"end":{"line":22,"column":39}},"11":{"start":{"line":23,"column":8},"end":{"line":37,"column":9}},"12":{"start":{"line":25,"column":24},"end":{"line":25,"column":56}},"13":{"start":{"line":26,"column":12},"end":{"line":36,"column":13}},"14":{"start":{"line":27,"column":16},"end":{"line":29,"column":28}},"15":{"start":{"line":31,"column":16},"end":{"line":31,"column":33}},"16":{"start":{"line":33,"column":16},"end":{"line":33,"column":26}},"17":{"start":{"line":35,"column":16},"end":{"line":35,"column":40}},"18":{"start":{"line":38,"column":8},"end":{"line":38,"column":18}},"19":{"start":{"line":42,"column":17},"end":{"line":42,"column":39}},"20":{"start":{"line":44,"column":8},"end":{"line":55,"column":9}},"21":{"start":{"line":45,"column":24},"end":{"line":48,"column":13}},"22":{"start":{"line":50,"column":12},"end":{"line":50,"column":54}},"23":{"start":{"line":52,"column":12},"end":{"line":52,"column":29}},"24":{"start":{"line":54,"column":12},"end":{"line":54,"column":36}},"25":{"start":{"line":59,"column":17},"end":{"line":59,"column":39}},"26":{"start":{"line":61,"column":8},"end":{"line":81,"column":9}},"27":{"start":{"line":62,"column":24},"end":{"line":62,"column":61}},"28":{"start":{"line":63,"column":35},"end":{"line":66,"column":13}},"29":{"start":{"line":68,"column":12},"end":{"line":70,"column":13}},"30":{"start":{"line":69,"column":16},"end":{"line":69,"column":58}},"31":{"start":{"line":71,"column":12},"end":{"line":73,"column":13}},"32":{"start":{"line":72,"column":16},"end":{"line":72,"column":62}},"33":{"start":{"line":75,"column":12},"end":{"line":75,"column":73}},"34":{"start":{"line":78,"column":12},"end":{"line":78,"column":28}},"35":{"start":{"line":80,"column":12},"end":{"line":80,"column":36}},"36":{"start":{"line":85,"column":17},"end":{"line":85,"column":39}},"37":{"start":{"line":87,"column":8},"end":{"line":95,"column":9}},"38":{"start":{"line":88,"column":24},"end":{"line":88,"column":61}},"39":{"start":{"line":89,"column":12},"end":{"line":89,"column":57}},"40":{"start":{"line":92,"column":12},"end":{"line":92,"column":28}},"41":{"start":{"line":94,"column":12},"end":{"line":94,"column":36}},"42":{"start":{"line":99,"column":0},"end":{"line":99,"column":22}}},"fnMap":{"0":{"name":"getAll","decl":{"start":{"line":5,"column":27},"end":{"line":5,"column":33}},"loc":{"start":{"line":5,"column":36},"end":{"line":18,"column":5}},"line":5},"1":{"name":"getOne","decl":{"start":{"line":21,"column":27},"end":{"line":21,"column":33}},"loc":{"start":{"line":21,"column":38},"end":{"line":39,"column":5}},"line":21},"2":{"name":"addOne","decl":{"start":{"line":41,"column":27},"end":{"line":41,"column":33}},"loc":{"start":{"line":41,"column":40},"end":{"line":56,"column":5}},"line":41},"3":{"name":"update","decl":{"start":{"line":58,"column":27},"end":{"line":58,"column":33}},"loc":{"start":{"line":58,"column":40},"end":{"line":82,"column":5}},"line":58},"4":{"name":"remove","decl":{"start":{"line":84,"column":27},"end":{"line":84,"column":33}},"loc":{"start":{"line":84,"column":40},"end":{"line":96,"column":5}},"line":84}},"branchMap":{"0":{"loc":{"start":{"line":23,"column":8},"end":{"line":37,"column":9}},"type":"if","locations":[{"start":{"line":23,"column":8},"end":{"line":37,"column":9}},{"start":{},"end":{}}],"line":23},"1":{"loc":{"start":{"line":68,"column":12},"end":{"line":70,"column":13}},"type":"if","locations":[{"start":{"line":68,"column":12},"end":{"line":70,"column":13}},{"start":{},"end":{}}],"line":68},"2":{"loc":{"start":{"line":71,"column":12},"end":{"line":73,"column":13}},"type":"if","locations":[{"start":{"line":71,"column":12},"end":{"line":73,"column":13}},{"start":{},"end":{}}],"line":71}},"s":{"0":2,"1":2,"2":2,"3":1,"4":1,"5":1,"6":1,"7":0,"8":0,"9":1,"10":1,"11":1,"12":0,"13":0,"14":0,"15":0,"16":0,"17":0,"18":1,"19":1,"20":1,"21":1,"22":1,"23":0,"24":1,"25":1,"26":1,"27":1,"28":1,"29":1,"30":1,"31":1,"32":1,"33":1,"34":0,"35":1,"36":1,"37":1,"38":1,"39":1,"40":0,"41":1,"42":2},"f":{"0":1,"1":1,"2":1,"3":1,"4":1},"b":{"0":[0,1],"1":[1,0],"2":[1,0]},"_coverageSchema":"1a1c01bbd47fc00a2c39e90264f33305004495a9","hash":"9c7b8e7f95fe0c404f2bdd812a743a834d8ce1a0"}
,"/Users/narwhal/dbwebb-kurser/jsramverk/ssr-editor-0.1/db/database.js": {"path":"/Users/narwhal/dbwebb-kurser/jsramverk/ssr-editor-0.1/db/database.js","statementMap":{"0":{"start":{"line":1,"column":0},"end":{"line":1,"column":27}},"1":{"start":{"line":2,"column":14},"end":{"line":2,"column":44}},"2":{"start":{"line":3,"column":23},"end":{"line":3,"column":34}},"3":{"start":{"line":5,"column":17},"end":{"line":23,"column":1}},"4":{"start":{"line":7,"column":18},"end":{"line":7,"column":168}},"5":{"start":{"line":10,"column":8},"end":{"line":12,"column":9}},"6":{"start":{"line":11,"column":11},"end":{"line":11,"column":50}},"7":{"start":{"line":14,"column":24},"end":{"line":14,"column":48}},"8":{"start":{"line":15,"column":19},"end":{"line":15,"column":36}},"9":{"start":{"line":16,"column":27},"end":{"line":16,"column":62}},"10":{"start":{"line":18,"column":8},"end":{"line":21,"column":10}},"11":{"start":{"line":25,"column":0},"end":{"line":25,"column":26}}},"fnMap":{"0":{"name":"getDb","decl":{"start":{"line":6,"column":26},"end":{"line":6,"column":31}},"loc":{"start":{"line":6,"column":35},"end":{"line":22,"column":5}},"line":6}},"branchMap":{"0":{"loc":{"start":{"line":10,"column":8},"end":{"line":12,"column":9}},"type":"if","locations":[{"start":{"line":10,"column":8},"end":{"line":12,"column":9}},{"start":{},"end":{}}],"line":10}},"s":{"0":2,"1":2,"2":2,"3":2,"4":6,"5":6,"6":6,"7":6,"8":6,"9":6,"10":6,"11":2},"f":{"0":6},"b":{"0":[6,0]},"_coverageSchema":"1a1c01bbd47fc00a2c39e90264f33305004495a9","hash":"2976e212ac91442ad9103aea53fbb204d16ffdb6"}
,"/Users/narwhal/dbwebb-kurser/jsramverk/ssr-editor-0.1/routes/delete.js": {"path":"/Users/narwhal/dbwebb-kurser/jsramverk/ssr-editor-0.1/routes/delete.js","statementMap":{"0":{"start":{"line":1,"column":18},"end":{"line":1,"column":39}},"1":{"start":{"line":2,"column":16},"end":{"line":2,"column":34}},"2":{"start":{"line":4,"column":13},"end":{"line":4,"column":29}},"3":{"start":{"line":6,"column":0},"end":{"line":10,"column":3}},"4":{"start":{"line":7,"column":19},"end":{"line":7,"column":51}},"5":{"start":{"line":8,"column":4},"end":{"line":8,"column":20}},"6":{"start":{"line":9,"column":4},"end":{"line":9,"column":21}},"7":{"start":{"line":12,"column":0},"end":{"line":12,"column":24}}},"fnMap":{"0":{"name":"(anonymous_0)","decl":{"start":{"line":6,"column":23},"end":{"line":6,"column":24}},"loc":{"start":{"line":6,"column":43},"end":{"line":10,"column":1}},"line":6}},"branchMap":{},"s":{"0":2,"1":2,"2":2,"3":2,"4":1,"5":1,"6":1,"7":2},"f":{"0":1},"b":{},"_coverageSchema":"1a1c01bbd47fc00a2c39e90264f33305004495a9","hash":"d8af9dcc72fc9d202cf39910e49a43c5ec377708"}
,"/Users/narwhal/dbwebb-kurser/jsramverk/ssr-editor-0.1/routes/id.js": {"path":"/Users/narwhal/dbwebb-kurser/jsramverk/ssr-editor-0.1/routes/id.js","statementMap":{"0":{"start":{"line":1,"column":18},"end":{"line":1,"column":39}},"1":{"start":{"line":2,"column":16},"end":{"line":2,"column":34}},"2":{"start":{"line":4,"column":13},"end":{"line":4,"column":29}},"3":{"start":{"line":6,"column":0},"end":{"line":8,"column":3}},"4":{"start":{"line":7,"column":4},"end":{"line":7,"column":60}},"5":{"start":{"line":10,"column":0},"end":{"line":10,"column":24}}},"fnMap":{"0":{"name":"(anonymous_0)","decl":{"start":{"line":6,"column":19},"end":{"line":6,"column":20}},"loc":{"start":{"line":6,"column":39},"end":{"line":8,"column":1}},"line":6}},"branchMap":{},"s":{"0":2,"1":2,"2":2,"3":2,"4":1,"5":2},"f":{"0":1},"b":{},"_coverageSchema":"1a1c01bbd47fc00a2c39e90264f33305004495a9","hash":"78a6d889279300d25a4e51468b6e5708a8548a74"}
,"/Users/narwhal/dbwebb-kurser/jsramverk/ssr-editor-0.1/routes/index.js": {"path":"/Users/narwhal/dbwebb-kurser/jsramverk/ssr-editor-0.1/routes/index.js","statementMap":{"0":{"start":{"line":1,"column":18},"end":{"line":1,"column":39}},"1":{"start":{"line":2,"column":16},"end":{"line":2,"column":34}},"2":{"start":{"line":4,"column":13},"end":{"line":4,"column":29}},"3":{"start":{"line":6,"column":0},"end":{"line":8,"column":3}},"4":{"start":{"line":7,"column":4},"end":{"line":7,"column":55}},"5":{"start":{"line":10,"column":0},"end":{"line":14,"column":3}},"6":{"start":{"line":11,"column":19},"end":{"line":11,"column":51}},"7":{"start":{"line":12,"column":4},"end":{"line":12,"column":20}},"8":{"start":{"line":13,"column":4},"end":{"line":13,"column":32}},"9":{"start":{"line":16,"column":0},"end":{"line":16,"column":24}}},"fnMap":{"0":{"name":"(anonymous_0)","decl":{"start":{"line":6,"column":16},"end":{"line":6,"column":17}},"loc":{"start":{"line":6,"column":36},"end":{"line":8,"column":1}},"line":6},"1":{"name":"(anonymous_1)","decl":{"start":{"line":10,"column":17},"end":{"line":10,"column":18}},"loc":{"start":{"line":10,"column":37},"end":{"line":14,"column":1}},"line":10}},"branchMap":{},"s":{"0":2,"1":2,"2":2,"3":2,"4":1,"5":2,"6":1,"7":1,"8":1,"9":2},"f":{"0":1,"1":1},"b":{},"_coverageSchema":"1a1c01bbd47fc00a2c39e90264f33305004495a9","hash":"860497907b49eccc518fc7dd0c57c3043efbd0bc"}
,"/Users/narwhal/dbwebb-kurser/jsramverk/ssr-editor-0.1/routes/update.js": {"path":"/Users/narwhal/dbwebb-kurser/jsramverk/ssr-editor-0.1/routes/update.js","statementMap":{"0":{"start":{"line":1,"column":18},"end":{"line":1,"column":39}},"1":{"start":{"line":2,"column":16},"end":{"line":2,"column":34}},"2":{"start":{"line":4,"column":13},"end":{"line":4,"column":29}},"3":{"start":{"line":6,"column":0},"end":{"line":10,"column":3}},"4":{"start":{"line":7,"column":19},"end":{"line":7,"column":51}},"5":{"start":{"line":9,"column":4},"end":{"line":9,"column":21}},"6":{"start":{"line":12,"column":0},"end":{"line":12,"column":24}}},"fnMap":{"0":{"name":"(anonymous_0)","decl":{"start":{"line":6,"column":23},"end":{"line":6,"column":24}},"loc":{"start":{"line":6,"column":43},"end":{"line":10,"column":1}},"line":6}},"branchMap":{},"s":{"0":2,"1":2,"2":2,"3":2,"4":1,"5":1,"6":2},"f":{"0":1},"b":{},"_coverageSchema":"1a1c01bbd47fc00a2c39e90264f33305004495a9","hash":"1a6f4a8186ae4dc15a3cd2481a28058a00397e2f"}
}
